SF:lib/models/game/deck_model.dart
DA:21,2
DA:25,2
DA:26,2
DA:29,2
DA:37,4
DA:47,2
DA:48,4
DA:49,6
DA:52,4
DA:53,6
DA:69,4
DA:70,8
DA:71,8
DA:72,8
DA:75,12
DA:76,4
DA:79,8
DA:86,4
DA:87,8
DA:90,3
DA:91,3
DA:93,3
DA:95,3
DA:98,6
DA:99,12
DA:103,3
DA:111,3
DA:112,6
DA:113,6
DA:114,6
DA:115,3
DA:118,3
DA:124,6
DA:125,6
DA:126,3
DA:136,2
DA:137,1
DA:138,5
DA:139,1
DA:140,3
DA:141,1
LF:41
LH:41
end_of_record
SF:lib/models/game/game_styles.dart
DA:29,3
DA:40,3
DA:42,3
DA:43,2
DA:46,2
DA:48,3
DA:49,3
DA:54,2
DA:55,2
DA:60,1
DA:61,1
DA:73,0
DA:76,0
DA:77,0
DA:78,0
DA:80,0
DA:82,0
LF:17
LH:11
end_of_record
SF:lib/gen/l10n/app_localizations.dart
DA:65,8
DA:66,16
DA:70,1
DA:71,1
DA:1046,4
DA:1048,1
DA:1050,2
DA:1053,1
DA:1055,3
DA:1057,0
DA:1061,1
DA:1063,1
DA:1064,1
DA:1065,1
DA:1066,0
DA:1067,0
DA:1070,0
LF:17
LH:13
end_of_record
SF:lib/gen/l10n/app_localizations_en.dart
DA:9,16
DA:11,0
DA:14,1
DA:17,0
DA:20,0
DA:23,0
DA:26,0
DA:29,1
DA:31,1
DA:34,0
DA:37,0
DA:40,0
DA:42,0
DA:45,0
DA:48,0
DA:50,0
DA:53,0
DA:57,0
DA:60,0
DA:63,0
DA:66,0
DA:69,0
DA:73,0
DA:76,0
DA:79,0
DA:82,0
DA:85,0
DA:88,0
DA:91,0
DA:94,0
DA:97,0
DA:100,0
DA:103,0
DA:107,0
DA:110,0
DA:113,0
DA:116,0
DA:119,0
DA:123,0
DA:126,0
DA:130,0
DA:133,0
DA:136,0
DA:139,0
DA:142,0
DA:145,0
DA:148,0
DA:151,0
DA:153,0
DA:156,0
DA:159,1
DA:161,1
DA:164,0
DA:167,0
DA:170,0
DA:173,0
DA:176,0
DA:179,0
DA:182,0
DA:185,0
DA:188,0
DA:191,0
DA:194,0
DA:197,0
DA:200,0
DA:203,0
DA:206,0
DA:209,0
DA:212,0
DA:215,0
DA:218,1
DA:221,1
DA:225,1
DA:229,1
DA:233,2
DA:235,2
DA:238,2
DA:240,2
DA:243,0
DA:246,0
DA:249,0
DA:252,0
DA:255,0
DA:258,0
DA:261,0
DA:264,0
DA:267,0
DA:270,0
DA:273,0
DA:276,0
DA:279,1
DA:282,0
DA:285,2
DA:288,0
DA:291,0
DA:293,0
DA:296,1
DA:299,1
DA:302,0
DA:305,0
DA:308,0
DA:312,0
DA:315,1
DA:318,0
DA:321,0
DA:323,0
DA:326,0
DA:329,0
DA:331,0
DA:334,0
DA:337,0
DA:340,0
DA:342,0
DA:345,1
DA:348,0
DA:350,0
DA:353,0
DA:356,0
DA:359,0
DA:362,0
DA:365,0
DA:369,0
DA:372,0
DA:375,0
DA:379,0
DA:382,0
DA:385,0
DA:388,0
DA:391,0
DA:394,0
DA:397,0
DA:400,0
DA:403,0
DA:406,0
DA:409,0
DA:412,0
DA:415,0
DA:418,0
DA:422,0
DA:425,0
DA:428,0
DA:431,0
DA:434,0
DA:437,0
DA:440,0
DA:443,0
DA:446,0
DA:450,0
DA:453,0
DA:456,5
DA:459,5
DA:462,5
DA:465,5
DA:468,5
DA:471,0
DA:474,0
DA:477,0
DA:479,0
DA:482,0
DA:485,0
DA:489,0
DA:492,0
DA:495,0
DA:498,0
DA:501,1
DA:504,0
DA:507,0
DA:510,0
DA:513,0
DA:516,0
DA:519,0
LF:171
LH:26
end_of_record
SF:lib/gen/l10n/app_localizations_fr.dart
DA:9,0
DA:11,0
DA:14,0
DA:17,0
DA:20,0
DA:23,0
DA:26,0
DA:29,0
DA:31,0
DA:34,0
DA:37,0
DA:40,0
DA:42,0
DA:45,0
DA:48,0
DA:50,0
DA:53,0
DA:57,0
DA:60,0
DA:63,0
DA:66,0
DA:69,0
DA:73,0
DA:76,0
DA:79,0
DA:82,0
DA:85,0
DA:88,0
DA:91,0
DA:94,0
DA:97,0
DA:100,0
DA:103,0
DA:107,0
DA:110,0
DA:113,0
DA:116,0
DA:119,0
DA:123,0
DA:126,0
DA:130,0
DA:133,0
DA:136,0
DA:139,0
DA:142,0
DA:145,0
DA:148,0
DA:151,0
DA:153,0
DA:156,0
DA:159,0
DA:161,0
DA:164,0
DA:167,0
DA:170,0
DA:173,0
DA:176,0
DA:179,0
DA:182,0
DA:185,0
DA:188,0
DA:191,0
DA:194,0
DA:197,0
DA:200,0
DA:203,0
DA:206,0
DA:209,0
DA:212,0
DA:215,0
DA:218,0
DA:221,0
DA:225,0
DA:229,0
DA:233,0
DA:235,0
DA:238,0
DA:240,0
DA:243,0
DA:246,0
DA:249,0
DA:252,0
DA:255,0
DA:258,0
DA:261,0
DA:264,0
DA:267,0
DA:270,0
DA:273,0
DA:276,0
DA:279,0
DA:282,0
DA:285,0
DA:288,0
DA:291,0
DA:293,0
DA:296,0
DA:299,0
DA:302,0
DA:305,0
DA:308,0
DA:312,0
DA:315,0
DA:318,0
DA:321,0
DA:323,0
DA:326,0
DA:329,0
DA:331,0
DA:334,0
DA:337,0
DA:340,0
DA:342,0
DA:345,0
DA:348,0
DA:350,0
DA:353,0
DA:356,0
DA:359,0
DA:362,0
DA:365,0
DA:369,0
DA:373,0
DA:376,0
DA:380,0
DA:383,0
DA:387,0
DA:390,0
DA:393,0
DA:396,0
DA:399,0
DA:402,0
DA:405,0
DA:408,0
DA:411,0
DA:414,0
DA:417,0
DA:421,0
DA:425,0
DA:428,0
DA:431,0
DA:434,0
DA:437,0
DA:440,0
DA:443,0
DA:446,0
DA:449,0
DA:453,0
DA:456,0
DA:459,0
DA:462,0
DA:465,0
DA:468,0
DA:471,0
DA:474,0
DA:477,0
DA:480,0
DA:482,0
DA:485,0
DA:488,0
DA:492,0
DA:496,0
DA:499,0
DA:502,0
DA:505,0
DA:508,0
DA:511,0
DA:515,0
DA:518,0
DA:521,0
DA:524,0
LF:171
LH:0
end_of_record
SF:lib/models/app/auth_service.dart
DA:14,0
DA:18,0
DA:21,0
DA:24,0
DA:25,0
DA:26,0
DA:30,0
DA:31,0
DA:35,0
DA:38,0
DA:39,0
DA:42,0
DA:44,0
DA:46,0
DA:51,0
DA:54,0
DA:55,0
DA:56,0
DA:59,0
DA:60,0
DA:62,0
DA:66,0
DA:67,0
DA:69,0
DA:73,0
DA:75,0
DA:83,0
DA:84,0
DA:87,0
DA:88,0
DA:89,0
DA:92,0
DA:93,0
DA:94,0
DA:98,0
DA:105,0
DA:110,0
DA:111,0
DA:115,0
DA:116,0
DA:118,0
DA:119,0
DA:120,0
DA:121,0
DA:122,0
DA:123,0
DA:130,0
DA:131,0
DA:132,0
DA:133,0
DA:134,0
DA:136,0
DA:142,0
DA:146,0
DA:149,0
DA:150,0
DA:152,0
DA:153,0
DA:154,0
DA:155,0
DA:156,0
DA:157,0
DA:164,0
DA:168,0
DA:170,0
DA:171,0
DA:172,0
DA:175,0
DA:179,0
DA:188,0
DA:189,0
DA:191,0
DA:192,0
DA:193,0
DA:194,0
DA:196,0
DA:197,0
DA:200,0
DA:204,0
DA:205,0
DA:207,0
DA:208,0
DA:214,0
DA:215,0
DA:216,0
DA:217,0
DA:221,0
DA:223,0
DA:225,0
DA:226,0
DA:227,0
LF:91
LH:0
end_of_record
SF:lib/models/app/constants_card_value.dart
DA:6,0
LF:1
LH:0
end_of_record
SF:lib/models/app/firebase_options.dart
DA:20,1
DA:24,1
DA:25,1
DA:27,0
DA:29,0
DA:31,0
DA:33,0
DA:34,0
DA:39,0
LF:9
LH:3
end_of_record
SF:lib/models/card/card_model.dart
DA:14,3
DA:15,3
DA:16,3
DA:18,3
DA:21,4
DA:22,3
DA:33,11
DA:63,3
DA:65,24
DA:73,3
DA:74,3
DA:75,3
DA:76,3
DA:77,3
DA:78,3
LF:15
LH:15
end_of_record
SF:lib/models/card/card_model_french.dart
DA:33,5
DA:34,5
DA:37,5
DA:40,5
DA:43,5
DA:46,5
DA:49,5
DA:54,5
LF:8
LH:8
end_of_record
SF:lib/models/card/hand_model.dart
DA:34,5
DA:35,10
DA:36,10
DA:40,3
DA:43,0
DA:45,0
DA:50,0
DA:51,0
DA:52,0
DA:53,0
DA:61,0
DA:62,0
DA:65,0
DA:66,0
DA:73,1
DA:74,5
DA:80,2
DA:81,4
DA:94,12
DA:101,2
DA:102,4
DA:106,9
DA:109,0
DA:114,2
DA:115,8
DA:119,12
DA:124,4
DA:125,8
DA:131,3
DA:132,12
DA:138,3
DA:139,6
DA:140,3
DA:147,1
DA:148,2
DA:151,0
DA:153,0
DA:160,1
DA:162,2
DA:163,1
DA:164,2
DA:192,3
DA:196,6
DA:197,3
DA:201,9
DA:205,6
DA:206,3
DA:209,6
DA:210,9
DA:211,6
DA:232,3
DA:234,3
DA:235,21
DA:246,6
DA:247,5
DA:248,4
DA:249,10
DA:250,8
DA:251,10
DA:252,8
DA:256,4
DA:257,8
DA:258,6
DA:267,4
DA:268,4
DA:269,16
DA:270,4
DA:271,8
DA:272,16
DA:279,2
DA:280,10
LF:71
LH:58
end_of_record
SF:lib/models/game/backend_model.dart
DA:16,0
DA:17,0
DA:18,0
DA:19,0
DA:30,7
DA:37,8
DA:40,2
DA:52,1
DA:54,2
DA:55,2
DA:56,2
DA:58,1
DA:61,2
DA:62,1
DA:63,1
DA:67,0
DA:70,0
DA:71,0
DA:74,1
DA:75,2
DA:76,3
DA:77,2
DA:90,1
DA:95,0
DA:96,0
DA:97,0
DA:98,0
DA:102,0
DA:103,0
DA:104,0
DA:106,0
DA:109,0
DA:112,0
DA:113,0
DA:114,0
DA:115,0
DA:117,0
DA:119,0
DA:120,0
DA:122,0
DA:134,1
DA:139,0
DA:140,0
DA:141,0
DA:145,0
DA:146,0
DA:147,0
DA:148,0
DA:149,0
DA:150,0
DA:153,0
DA:154,0
DA:158,0
DA:159,0
DA:160,0
DA:172,1
DA:173,1
DA:176,0
DA:177,0
DA:178,0
DA:182,0
DA:183,0
DA:184,0
DA:186,0
DA:187,0
DA:189,0
DA:190,0
DA:191,0
DA:192,0
DA:194,0
DA:196,0
DA:200,0
DA:215,1
DA:225,0
DA:226,0
DA:227,0
DA:231,0
DA:232,0
DA:234,0
DA:235,0
DA:236,0
DA:239,0
DA:240,0
DA:241,0
DA:242,0
DA:245,0
DA:258,0
DA:262,0
DA:263,0
DA:264,0
DA:265,0
DA:266,0
DA:267,0
DA:269,0
DA:270,0
DA:277,1
DA:278,1
DA:279,0
DA:281,1
DA:283,0
DA:285,2
DA:295,1
DA:297,1
DA:300,0
DA:301,0
DA:302,0
DA:303,0
DA:307,0
DA:308,0
DA:309,0
DA:310,0
DA:312,0
DA:314,0
DA:315,0
DA:316,0
DA:321,0
DA:322,0
DA:323,0
DA:325,0
DA:327,0
DA:328,0
DA:330,0
LF:122
LH:26
end_of_record
SF:lib/models/game/game_history.dart
DA:4,2
DA:14,2
DA:15,2
DA:16,4
DA:17,6
DA:33,1
DA:34,3
DA:37,1
DA:39,5
LF:9
LH:9
end_of_record
SF:lib/utils/logger.dart
DA:13,2
DA:15,2
DA:20,6
DA:31,2
DA:32,4
DA:33,2
DA:34,0
DA:42,2
DA:44,2
DA:49,2
DA:52,2
DA:56,4
DA:66,0
DA:67,0
DA:71,1
DA:72,2
DA:76,1
DA:77,2
DA:81,1
DA:82,2
LF:20
LH:17
end_of_record
SF:lib/models/game/game_constants.dart
DA:6,0
DA:37,2
DA:38,4
LF:3
LH:2
end_of_record
SF:lib/models/game/game_model.dart
DA:21,6
DA:24,0
DA:25,0
DA:26,0
DA:27,0
DA:41,3
DA:53,6
DA:54,3
DA:58,3
DA:102,12
DA:108,4
DA:118,0
DA:121,0
DA:122,0
DA:131,3
DA:132,6
DA:133,6
DA:134,3
DA:142,4
DA:143,2
DA:154,3
DA:155,6
DA:156,3
DA:158,3
DA:161,3
DA:169,3
DA:170,3
DA:171,0
DA:172,0
DA:173,0
DA:175,0
DA:176,0
DA:177,0
DA:185,3
DA:187,1
DA:192,1
DA:193,3
DA:194,3
DA:195,3
DA:198,1
DA:200,5
DA:209,2
DA:210,2
DA:211,2
DA:212,4
DA:215,2
DA:217,2
DA:220,2
DA:222,2
DA:225,2
DA:227,4
DA:228,6
DA:229,0
DA:242,2
DA:243,4
DA:252,2
DA:253,2
DA:254,2
DA:255,1
DA:261,1
DA:262,1
DA:268,1
DA:269,1
DA:275,1
DA:276,1
DA:293,2
DA:294,4
DA:295,2
DA:303,2
DA:304,4
DA:306,4
DA:307,2
DA:308,4
DA:309,4
DA:318,3
DA:319,3
DA:320,12
DA:321,15
DA:334,1
DA:335,1
DA:336,5
DA:337,2
DA:338,5
DA:339,1
DA:340,1
DA:341,2
DA:342,2
DA:343,1
DA:344,6
DA:345,1
DA:349,1
DA:351,8
DA:355,2
DA:356,8
DA:357,4
DA:359,6
DA:363,1
DA:364,5
DA:368,3
DA:369,6
DA:370,3
DA:371,6
DA:372,6
DA:374,6
DA:376,12
DA:377,3
DA:380,6
DA:381,3
DA:382,3
DA:383,3
DA:387,9
DA:388,18
DA:390,3
DA:397,1
DA:398,1
DA:399,2
DA:400,3
DA:401,2
DA:410,3
DA:411,9
DA:412,12
DA:420,1
DA:427,2
DA:430,2
DA:431,2
DA:432,0
DA:436,3
DA:437,1
DA:438,0
DA:439,0
DA:441,0
DA:452,1
DA:462,1
DA:463,1
DA:464,0
DA:467,0
DA:468,0
DA:471,0
DA:477,1
DA:478,0
DA:483,0
DA:501,2
DA:507,10
DA:509,4
DA:510,1
DA:511,3
DA:515,1
DA:517,1
DA:525,2
DA:530,4
DA:535,4
DA:536,2
DA:540,4
DA:541,3
DA:542,2
DA:544,3
DA:545,2
DA:549,6
DA:552,6
DA:553,2
DA:554,2
DA:555,2
DA:556,2
DA:557,2
DA:558,2
DA:564,4
DA:566,2
DA:567,2
DA:574,2
DA:575,4
DA:576,4
DA:584,1
DA:593,2
DA:595,2
DA:596,2
DA:597,0
DA:603,1
DA:607,1
DA:612,1
DA:613,1
DA:615,1
DA:616,0
DA:617,0
DA:621,0
DA:626,1
DA:627,2
DA:628,4
DA:630,3
DA:638,1
DA:643,2
DA:644,2
DA:645,0
DA:653,0
DA:654,0
DA:655,0
DA:656,0
DA:663,3
DA:664,9
DA:668,1
DA:669,3
DA:670,1
DA:694,3
DA:695,6
DA:697,2
DA:709,2
DA:710,6
DA:714,2
DA:715,6
DA:716,2
DA:717,2
DA:719,8
DA:720,8
DA:721,8
DA:722,2
DA:723,8
DA:724,8
DA:725,8
DA:727,5
DA:728,2
DA:729,5
DA:730,2
DA:731,5
DA:732,2
DA:735,1
DA:741,3
DA:742,3
DA:744,3
DA:745,2
DA:747,3
DA:749,2
DA:753,3
DA:755,12
DA:756,7
DA:757,2
DA:761,3
DA:762,3
DA:769,1
DA:774,1
DA:776,0
DA:778,1
DA:784,0
DA:790,0
DA:791,0
DA:792,0
DA:794,0
DA:797,0
DA:801,0
DA:802,0
DA:803,0
DA:805,0
DA:806,0
DA:816,2
DA:817,4
DA:818,4
DA:820,4
DA:821,4
DA:822,4
DA:824,2
DA:825,2
DA:843,1
DA:848,4
DA:860,2
DA:861,3
DA:862,1
DA:863,1
DA:875,1
DA:877,0
DA:890,0
DA:891,0
DA:898,0
DA:899,0
DA:900,0
LF:272
LH:221
end_of_record
SF:lib/models/player/player_model.dart
DA:23,4
DA:29,4
DA:48,3
DA:55,3
DA:56,3
DA:63,3
DA:64,3
DA:65,2
DA:70,6
DA:73,3
DA:74,3
DA:75,2
DA:76,2
DA:78,3
DA:81,0
DA:134,2
DA:135,2
DA:136,2
DA:138,2
DA:151,4
DA:152,20
DA:159,3
DA:160,6
DA:167,4
DA:168,8
DA:176,4
DA:177,8
DA:192,2
DA:193,3
DA:208,2
DA:209,12
DA:212,0
DA:214,0
DA:217,1
DA:222,1
DA:223,3
DA:224,3
DA:225,3
DA:226,5
DA:227,0
DA:228,0
DA:229,0
DA:230,0
DA:233,1
DA:234,6
LF:45
LH:38
end_of_record
SF:lib/models/player/player_status.dart
DA:3,15
DA:27,5
DA:33,2
DA:34,2
DA:35,2
DA:36,2
DA:38,2
DA:39,0
DA:42,2
DA:44,2
DA:50,2
DA:51,6
DA:54,6
DA:57,6
DA:60,6
DA:63,6
DA:95,10
DA:99,15
DA:100,5
DA:101,5
DA:104,10
DA:106,5
DA:109,10
DA:111,5
DA:114,10
DA:116,5
DA:119,10
DA:121,5
DA:124,10
DA:140,1
DA:141,1
DA:142,2
DA:143,2
DA:144,3
DA:145,2
DA:149,1
LF:36
LH:35
end_of_record
SF:lib/screens/game/game_style.dart
DA:28,1
DA:33,1
DA:36,1
DA:37,1
DA:38,1
DA:39,1
DA:40,1
DA:41,1
DA:43,1
DA:44,1
DA:46,2
DA:47,0
DA:49,0
DA:54,1
DA:63,1
DA:64,1
DA:65,1
DA:66,1
DA:73,1
DA:74,1
DA:82,2
DA:83,1
DA:84,1
DA:85,1
DA:87,1
DA:91,1
DA:92,2
DA:103,1
DA:104,1
DA:105,2
DA:109,1
DA:110,1
DA:112,1
DA:113,1
DA:115,1
DA:128,1
DA:129,1
DA:130,1
DA:131,1
DA:132,1
DA:133,1
DA:134,1
DA:135,1
DA:136,1
DA:137,1
DA:138,1
DA:140,1
DA:144,1
DA:145,2
DA:146,1
DA:147,1
DA:148,1
DA:151,1
DA:160,1
DA:161,3
DA:162,1
DA:164,2
DA:165,1
DA:175,1
DA:177,1
DA:178,1
DA:179,1
DA:180,1
DA:181,1
DA:182,1
DA:184,1
DA:185,1
LF:67
LH:65
end_of_record
SF:lib/widgets/cards/card_widget.dart
DA:19,3
DA:30,3
DA:33,3
DA:34,3
DA:37,2
DA:39,0
DA:41,0
DA:43,0
DA:44,0
DA:46,0
DA:47,2
DA:48,2
DA:49,2
DA:50,2
DA:57,3
DA:58,3
DA:59,6
DA:60,3
DA:62,3
DA:66,3
DA:68,3
DA:69,3
DA:74,9
DA:75,4
DA:76,6
DA:86,1
DA:87,1
DA:89,1
DA:91,1
DA:93,1
DA:94,1
LF:31
LH:26
end_of_record
SF:lib/models/app/constants_animation.dart
DA:6,0
LF:1
LH:0
end_of_record
SF:lib/models/app/constants_layout.dart
DA:3,0
LF:1
LH:0
end_of_record
SF:lib/widgets/cards/card_face_french_widget.dart
DA:19,3
DA:24,3
DA:26,12
DA:30,3
DA:42,3
DA:43,3
DA:45,3
DA:46,3
DA:47,12
DA:48,3
DA:55,3
DA:56,9
DA:57,6
DA:58,3
DA:59,2
DA:61,2
DA:69,3
DA:70,3
DA:71,3
DA:72,2
DA:74,2
DA:75,2
DA:76,4
DA:81,2
DA:82,4
DA:90,3
DA:92,3
DA:93,3
DA:94,6
DA:105,3
DA:107,6
DA:108,3
DA:109,3
DA:112,9
DA:113,3
DA:114,3
DA:115,6
DA:116,3
DA:123,2
DA:124,0
DA:125,0
DA:126,0
DA:134,2
DA:135,4
DA:136,2
DA:145,3
DA:146,3
DA:147,6
DA:151,3
DA:152,4
DA:153,3
DA:154,4
DA:155,3
DA:156,4
DA:157,3
DA:158,4
DA:160,3
DA:161,9
DA:164,2
DA:165,2
DA:166,4
DA:167,2
DA:170,2
DA:171,2
DA:172,4
DA:173,2
DA:174,2
DA:177,2
DA:178,2
DA:179,6
DA:180,4
DA:181,4
DA:182,2
DA:185,2
DA:186,2
DA:188,2
DA:191,6
DA:192,4
DA:195,4
DA:196,2
DA:199,2
DA:200,2
DA:202,6
DA:203,4
DA:204,4
DA:207,4
DA:208,2
DA:209,2
DA:212,2
DA:213,2
DA:215,6
DA:216,4
DA:217,4
DA:219,2
DA:221,4
DA:222,2
DA:223,2
DA:226,2
DA:227,2
DA:229,6
DA:230,4
DA:232,6
DA:233,4
DA:235,4
DA:236,2
DA:238,4
DA:239,2
DA:242,2
DA:243,2
DA:245,6
DA:246,4
DA:247,4
DA:249,4
DA:250,2
DA:251,2
DA:253,4
DA:254,2
DA:255,2
DA:258,2
DA:259,2
DA:261,6
DA:262,6
DA:263,4
DA:264,4
DA:265,4
DA:268,4
DA:269,4
DA:270,4
DA:271,2
DA:272,2
DA:276,0
DA:279,4
DA:280,2
DA:281,2
DA:283,2
DA:284,2
DA:286,2
DA:287,2
DA:288,2
DA:297,3
DA:298,3
DA:300,3
DA:301,3
DA:302,9
DA:306,9
DA:313,2
DA:314,2
DA:315,2
DA:317,2
DA:320,2
DA:322,6
DA:331,3
DA:333,3
DA:334,2
DA:336,2
DA:337,2
LF:156
LH:152
end_of_record
SF:lib/widgets/helpers/my_text.dart
DA:32,3
DA:40,6
DA:41,3
DA:42,3
DA:60,3
DA:62,12
DA:66,3
DA:67,6
DA:68,3
DA:70,3
DA:71,3
DA:75,6
DA:76,3
DA:78,3
DA:79,3
DA:84,2
DA:86,2
DA:87,2
LF:18
LH:18
end_of_record
SF:lib/widgets/cards/card_face_skyjo_widget.dart
DA:19,2
DA:21,2
DA:23,7
DA:26,2
DA:28,2
DA:30,2
DA:31,2
DA:32,2
DA:35,2
DA:36,2
DA:37,8
DA:43,2
DA:44,2
DA:45,2
DA:48,2
DA:50,4
DA:51,2
DA:54,2
DA:56,2
DA:68,2
DA:69,2
DA:70,2
DA:71,2
DA:72,4
DA:83,2
DA:84,2
DA:85,2
DA:86,2
DA:87,6
DA:89,2
DA:94,2
DA:95,2
DA:96,2
DA:97,2
DA:98,2
DA:101,2
DA:102,6
DA:103,2
DA:115,2
DA:116,2
DA:118,2
DA:120,2
DA:122,2
LF:43
LH:43
end_of_record
SF:lib/widgets/helpers/wiggle_widget.dart
DA:10,3
DA:18,3
DA:19,3
DA:31,3
DA:33,3
DA:36,6
DA:43,12
DA:44,6
DA:47,6
DA:48,3
DA:50,9
DA:53,3
DA:55,3
DA:56,3
DA:57,3
DA:60,3
DA:62,6
DA:63,2
DA:64,2
DA:65,2
DA:66,2
DA:67,2
DA:68,4
DA:72,4
DA:76,6
LF:25
LH:25
end_of_record
SF:lib/models/game/golf_score_model.dart
DA:13,1
DA:14,1
DA:15,2
DA:16,1
DA:28,1
DA:29,5
DA:30,1
DA:37,1
DA:39,2
DA:40,2
DA:41,2
DA:52,1
DA:57,7
DA:58,3
DA:59,1
DA:64,1
DA:65,2
DA:66,1
DA:67,1
DA:73,1
DA:74,4
DA:75,2
DA:76,1
DA:83,1
DA:84,4
DA:85,2
DA:86,2
DA:87,2
DA:88,1
DA:91,1
DA:98,1
DA:99,2
DA:100,2
DA:101,1
DA:108,1
DA:109,2
DA:110,4
DA:111,3
DA:112,1
DA:113,2
DA:115,1
DA:123,1
DA:124,2
DA:125,1
DA:127,1
DA:128,2
DA:129,2
DA:133,1
DA:134,1
DA:135,5
DA:136,1
DA:138,5
DA:140,3
DA:141,3
DA:142,1
DA:143,2
DA:144,7
DA:145,5
DA:147,1
DA:154,1
DA:155,1
DA:156,3
DA:157,3
DA:161,1
DA:162,1
DA:163,1
DA:164,1
DA:168,1
DA:169,1
DA:170,1
DA:171,3
DA:172,1
DA:173,1
DA:176,2
DA:179,2
LF:75
LH:75
end_of_record
SF:lib/widgets/cards/card_pile_widget.dart
DA:12,1
DA:53,1
DA:55,1
DA:57,1
DA:58,1
DA:59,1
DA:65,1
DA:67,1
DA:68,1
DA:70,3
DA:73,1
DA:74,3
DA:75,1
DA:76,1
DA:77,1
DA:78,1
DA:79,1
DA:80,1
DA:82,4
DA:84,2
DA:86,4
DA:87,2
DA:88,2
DA:89,2
DA:90,1
DA:93,1
DA:94,1
DA:95,2
LF:28
LH:28
end_of_record
SF:lib/widgets/helpers/input_keyboard.dart
DA:39,1
DA:43,3
DA:51,3
DA:53,3
DA:55,3
DA:60,6
DA:62,3
DA:63,3
DA:65,3
DA:66,3
DA:69,1
DA:70,1
DA:71,1
DA:73,1
DA:74,1
DA:82,3
DA:84,3
DA:86,9
DA:88,3
DA:90,3
DA:91,6
DA:92,3
DA:93,3
DA:99,3
DA:100,3
DA:102,3
DA:104,9
DA:105,3
DA:107,3
DA:110,3
DA:117,1
DA:118,1
DA:119,1
DA:120,1
DA:122,4
DA:124,1
DA:126,4
DA:128,1
DA:130,4
DA:132,1
DA:134,1
DA:135,1
DA:136,1
DA:137,1
DA:145,3
DA:146,3
DA:148,3
DA:151,6
LF:48
LH:48
end_of_record
SF:lib/models/app/app_theme.dart
DA:22,0
DA:27,0
DA:28,0
DA:29,0
DA:32,0
DA:33,0
DA:34,0
DA:37,0
DA:39,0
DA:41,0
DA:42,0
DA:44,0
DA:46,0
DA:48,0
DA:50,0
DA:52,0
DA:54,0
DA:56,0
DA:58,0
DA:60,0
DA:62,0
DA:64,0
DA:66,0
DA:68,0
DA:70,0
DA:72,0
DA:74,0
DA:76,0
DA:78,0
DA:80,0
DA:82,0
DA:84,0
DA:86,0
DA:88,0
DA:90,0
DA:92,0
DA:94,0
DA:96,0
DA:98,0
DA:100,0
DA:103,0
DA:105,0
DA:106,0
DA:109,0
DA:112,0
DA:113,0
DA:115,0
DA:116,0
DA:117,0
DA:118,0
DA:119,0
DA:121,0
DA:123,0
DA:124,0
DA:125,0
DA:126,0
DA:127,0
DA:128,0
DA:132,0
DA:133,0
DA:134,0
DA:143,0
DA:144,0
DA:145,0
DA:146,0
DA:151,0
DA:152,0
DA:153,0
DA:154,0
DA:160,0
DA:161,0
DA:162,0
DA:167,0
DA:168,0
DA:172,0
DA:173,0
DA:174,0
DA:175,0
DA:179,0
DA:181,0
DA:182,0
LF:81
LH:0
end_of_record
SF:lib/widgets/buttons/my_button.dart
DA:8,3
DA:23,0
DA:66,3
DA:68,3
DA:69,3
DA:71,6
DA:73,3
DA:75,3
DA:76,3
DA:79,3
DA:81,3
DA:83,3
DA:84,3
DA:85,3
DA:86,3
DA:87,3
DA:88,3
DA:90,3
DA:91,3
DA:92,3
DA:94,3
DA:95,3
DA:96,3
DA:97,3
DA:100,3
DA:103,3
DA:105,3
DA:106,3
DA:110,3
DA:112,3
DA:113,3
DA:114,3
DA:115,3
DA:116,3
DA:118,3
DA:119,6
LF:36
LH:35
end_of_record
SF:lib/widgets/buttons/my_button_rectangle.dart
DA:22,3
DA:32,0
DA:40,0
DA:43,0
DA:53,0
DA:56,1
DA:66,1
DA:69,0
DA:79,0
DA:82,1
DA:92,1
DA:96,0
DA:102,0
DA:107,0
DA:108,0
DA:109,0
DA:110,0
DA:112,0
DA:113,0
DA:114,0
DA:115,0
DA:116,0
DA:117,0
DA:121,0
DA:122,0
DA:124,0
DA:127,0
DA:131,0
DA:133,0
DA:135,0
LF:30
LH:5
end_of_record
SF:lib/widgets/buttons/my_button_round.dart
DA:18,3
DA:24,3
LF:2
LH:2
end_of_record
SF:lib/widgets/helpers/screen.dart
DA:45,0
DA:74,0
DA:78,0
DA:79,0
DA:81,0
DA:82,0
DA:83,0
DA:84,0
DA:85,0
DA:86,0
DA:87,0
DA:90,0
DA:91,0
DA:92,0
DA:93,0
DA:96,0
DA:97,0
DA:98,0
DA:100,0
DA:101,0
DA:102,0
DA:103,0
DA:104,0
DA:105,0
DA:106,0
DA:109,0
DA:110,0
DA:111,0
DA:112,0
DA:115,0
DA:119,1
DA:123,1
DA:124,1
DA:128,1
DA:129,1
DA:136,0
DA:137,0
DA:140,1
DA:145,1
DA:146,1
DA:147,1
DA:150,1
DA:152,2
DA:160,0
DA:162,0
DA:163,0
DA:168,0
DA:169,0
DA:172,0
DA:174,0
DA:175,0
DA:178,0
DA:180,0
DA:181,0
DA:182,0
DA:184,0
DA:185,0
DA:186,0
DA:189,0
DA:193,0
DA:194,0
DA:195,0
DA:196,0
DA:197,0
DA:200,0
DA:202,0
DA:204,0
DA:208,0
DA:209,0
DA:210,0
DA:221,0
DA:222,0
DA:224,0
DA:228,0
DA:229,0
DA:230,0
DA:231,0
DA:232,0
DA:237,0
DA:241,0
DA:247,0
DA:248,0
DA:250,0
DA:251,0
DA:252,0
DA:253,0
DA:261,0
DA:262,0
DA:264,0
DA:265,0
DA:266,0
DA:272,0
DA:273,0
DA:284,0
DA:285,0
DA:286,0
DA:287,0
DA:296,0
DA:300,0
DA:302,0
DA:305,0
DA:306,0
DA:308,0
DA:309,0
DA:310,0
DA:313,0
DA:329,0
DA:330,0
DA:332,0
DA:333,0
DA:335,0
DA:336,0
DA:337,0
DA:340,0
DA:341,0
DA:343,0
DA:344,0
DA:346,0
DA:352,0
DA:353,0
DA:354,0
DA:357,0
DA:358,0
DA:361,0
DA:362,0
DA:363,0
DA:364,0
DA:365,0
DA:367,0
DA:368,0
DA:369,0
DA:370,0
DA:371,0
DA:376,0
DA:377,0
DA:378,0
DA:380,0
DA:381,0
DA:382,0
DA:388,0
DA:389,0
DA:390,0
DA:391,0
DA:392,0
DA:393,0
DA:394,0
DA:396,0
DA:398,0
DA:399,0
DA:400,0
DA:401,0
DA:403,0
DA:404,0
DA:409,0
DA:412,0
DA:413,0
DA:416,0
DA:419,0
DA:425,0
DA:439,0
DA:440,0
DA:441,0
DA:442,0
DA:444,0
DA:445,0
DA:446,0
DA:448,0
DA:449,0
DA:450,0
DA:452,0
DA:453,0
DA:454,0
DA:458,0
DA:461,0
DA:465,0
DA:466,0
DA:467,0
DA:468,0
DA:469,0
DA:470,0
DA:471,0
DA:472,0
DA:474,0
DA:475,0
DA:477,0
DA:479,0
DA:483,0
DA:484,0
DA:485,0
DA:486,0
DA:488,0
DA:489,0
DA:490,0
DA:494,0
DA:495,0
DA:496,0
DA:505,0
DA:506,0
DA:509,0
DA:510,0
DA:519,0
DA:520,0
DA:521,0
DA:525,0
DA:532,0
DA:533,0
DA:534,0
DA:535,0
DA:539,0
DA:540,0
DA:541,0
DA:542,0
DA:543,0
DA:544,0
DA:549,0
DA:550,0
DA:554,0
DA:555,0
DA:561,0
DA:563,0
DA:567,0
DA:569,0
DA:571,0
DA:572,0
DA:580,0
DA:581,0
DA:585,0
DA:586,0
DA:588,0
DA:589,0
DA:594,0
DA:596,0
DA:598,0
DA:599,0
DA:600,0
DA:602,0
DA:603,0
DA:605,0
DA:606,0
DA:607,0
DA:609,0
DA:610,0
DA:611,0
DA:613,0
DA:614,0
DA:615,0
DA:628,0
DA:629,0
DA:630,0
DA:634,0
DA:635,0
DA:636,0
DA:640,0
DA:641,0
DA:643,0
DA:646,0
DA:652,0
DA:653,0
DA:655,0
DA:656,0
DA:659,0
DA:660,0
DA:664,0
DA:665,0
DA:666,0
DA:667,0
DA:668,0
DA:671,0
DA:672,0
DA:673,0
DA:674,0
DA:680,0
DA:681,0
DA:683,0
DA:684,0
DA:688,0
DA:689,0
DA:691,0
LF:278
LH:11
end_of_record
SF:lib/models/app/identity_service.dart
DA:18,0
DA:19,0
DA:20,0
DA:23,0
DA:26,0
DA:30,0
DA:31,0
DA:32,0
DA:33,0
DA:37,0
DA:38,0
DA:39,0
DA:42,0
DA:44,0
DA:45,0
DA:49,0
DA:50,0
DA:51,0
DA:52,0
DA:53,0
DA:54,0
DA:55,0
DA:56,0
DA:57,0
DA:62,0
DA:63,0
DA:64,0
DA:67,0
DA:68,0
DA:77,0
DA:78,0
DA:79,0
DA:83,0
DA:84,0
DA:86,0
DA:87,0
DA:94,0
DA:95,0
DA:96,0
DA:97,0
DA:98,0
DA:99,0
DA:102,0
DA:103,0
DA:109,0
DA:110,0
DA:113,0
DA:120,0
DA:121,0
DA:122,0
DA:125,0
LF:51
LH:0
end_of_record
SF:lib/models/app/locale_controller.dart
DA:5,0
DA:8,0
DA:11,0
DA:12,0
LF:4
LH:0
end_of_record
SF:lib/widgets/helpers/avatar_profile_dialog.dart
DA:31,0
DA:66,0
DA:67,0
DA:72,0
DA:74,0
DA:75,0
DA:78,0
DA:80,0
DA:81,0
DA:82,0
DA:84,0
DA:85,0
DA:88,0
DA:90,0
DA:93,0
DA:97,0
DA:100,0
DA:102,0
DA:103,0
DA:106,0
DA:107,0
DA:109,0
DA:112,0
DA:113,0
DA:117,0
DA:120,0
DA:123,0
DA:124,0
DA:127,0
DA:128,0
DA:130,0
DA:133,0
DA:134,0
DA:135,0
DA:137,0
DA:140,0
DA:148,0
DA:151,0
DA:153,0
DA:156,0
DA:159,0
DA:160,0
DA:163,0
DA:164,0
DA:166,0
DA:169,0
DA:170,0
DA:172,0
DA:173,0
DA:175,0
DA:178,0
DA:186,0
DA:198,0
DA:199,0
DA:204,0
DA:207,0
DA:209,0
DA:212,0
DA:213,0
DA:216,0
DA:217,0
DA:219,0
DA:220,0
DA:221,0
DA:222,0
DA:223,0
DA:235,0
DA:241,0
DA:244,0
DA:245,0
DA:246,0
DA:247,0
DA:250,0
DA:251,0
DA:253,0
DA:255,0
DA:259,0
DA:261,0
DA:263,0
DA:276,0
DA:281,0
DA:282,0
DA:283,0
DA:285,0
DA:286,0
DA:287,0
DA:290,0
DA:293,0
DA:294,0
DA:297,0
DA:298,0
DA:300,0
DA:303,0
DA:304,0
DA:305,0
DA:308,0
DA:313,0
DA:315,0
DA:316,0
DA:318,0
DA:320,0
DA:322,0
DA:323,0
DA:324,0
DA:325,0
DA:328,0
DA:333,0
DA:335,0
DA:337,0
DA:339,0
DA:340,0
DA:341,0
DA:342,0
DA:345,0
DA:356,0
DA:357,0
DA:358,0
DA:362,0
DA:363,0
DA:364,0
DA:367,0
DA:368,0
DA:369,0
DA:370,0
DA:372,0
DA:374,0
DA:377,0
DA:378,0
DA:379,0
DA:380,0
DA:381,0
DA:383,0
DA:385,0
DA:393,0
DA:394,0
DA:397,0
DA:401,0
DA:402,0
DA:403,0
DA:404,0
DA:406,0
DA:414,0
DA:415,0
DA:417,0
DA:418,0
DA:419,0
DA:420,0
DA:421,0
DA:422,0
DA:427,0
DA:428,0
DA:430,0
DA:431,0
DA:433,0
DA:436,0
DA:439,0
DA:441,0
LF:157
LH:0
end_of_record
SF:lib/widgets/helpers/google_mark_icon.dart
DA:8,1
DA:13,0
DA:15,0
DA:16,0
DA:17,0
DA:19,0
DA:20,0
LF:7
LH:1
end_of_record
SF:lib/widgets/helpers/initials_dialog.dart
DA:16,0
DA:21,0
DA:22,0
DA:31,0
DA:33,0
DA:34,0
DA:35,0
DA:36,0
DA:37,0
DA:38,0
DA:42,0
DA:44,0
DA:45,0
DA:46,0
DA:49,0
DA:51,0
DA:52,0
DA:55,0
DA:56,0
DA:58,0
DA:59,0
DA:60,0
DA:61,0
DA:63,0
DA:64,0
DA:65,0
DA:66,0
DA:67,0
DA:68,0
DA:69,0
DA:70,0
DA:72,0
DA:73,0
DA:75,0
DA:77,0
DA:79,0
DA:80,0
DA:82,0
DA:84,0
DA:90,0
DA:93,0
DA:94,0
DA:95,0
DA:96,0
DA:97,0
DA:98,0
DA:99,0
DA:102,0
DA:103,0
DA:106,0
DA:107,0
DA:110,0
DA:111,0
DA:112,0
DA:115,0
DA:117,0
DA:118,0
DA:123,0
DA:125,0
DA:126,0
DA:134,0
DA:135,0
DA:136,0
DA:146,0
DA:147,0
DA:148,0
DA:149,0
DA:151,0
DA:152,0
DA:156,0
DA:158,0
DA:163,0
DA:164,0
DA:165,0
DA:166,0
DA:167,0
DA:169,0
DA:172,0
DA:173,0
DA:177,0
DA:180,0
DA:181,0
DA:182,0
DA:193,0
DA:194,0
DA:198,0
DA:199,0
DA:201,0
DA:202,0
DA:203,0
DA:204,0
DA:205,0
DA:211,0
DA:217,0
DA:219,0
DA:220,0
DA:224,0
DA:225,0
DA:228,0
DA:229,0
DA:230,0
DA:234,0
DA:236,0
DA:238,0
DA:241,0
DA:245,0
DA:255,0
DA:256,0
DA:257,0
DA:258,0
DA:259,0
DA:260,0
DA:261,0
DA:262,0
DA:263,0
DA:268,0
DA:269,0
DA:270,0
DA:272,0
DA:273,0
DA:274,0
DA:276,0
DA:277,0
DA:278,0
DA:279,0
DA:280,0
DA:281,0
DA:282,0
DA:283,0
DA:284,0
DA:287,0
DA:289,0
DA:291,0
DA:293,0
DA:294,0
DA:295,0
DA:297,0
DA:300,0
DA:301,0
DA:302,0
DA:303,0
DA:307,0
DA:308,0
DA:309,0
DA:310,0
DA:311,0
DA:314,0
DA:315,0
DA:316,0
DA:317,0
DA:319,0
DA:320,0
LF:152
LH:0
end_of_record
SF:lib/widgets/helpers/edit_box.dart
DA:21,1
DA:60,1
DA:61,1
DA:66,1
DA:68,1
DA:69,2
DA:72,1
DA:74,2
DA:75,1
DA:78,1
DA:80,1
DA:82,1
DA:83,1
DA:86,1
DA:88,1
DA:90,1
DA:92,1
DA:93,2
DA:94,0
DA:95,0
DA:96,0
DA:101,1
DA:102,1
DA:103,1
DA:104,2
DA:105,2
DA:106,0
DA:107,0
DA:109,0
DA:110,0
DA:111,0
DA:113,0
DA:114,0
DA:118,0
DA:125,1
DA:126,2
DA:137,2
DA:141,2
DA:142,2
DA:152,1
DA:153,3
DA:155,1
DA:156,1
DA:158,3
DA:160,1
DA:162,1
DA:163,7
DA:165,2
DA:168,3
DA:170,2
LF:50
LH:39
end_of_record
SF:lib/widgets/player/player_header.dart
DA:81,1
DA:117,1
DA:118,1
DA:124,1
DA:126,2
DA:127,1
DA:128,1
DA:129,1
DA:130,2
DA:131,2
DA:132,1
DA:134,1
DA:135,1
DA:139,1
DA:143,1
DA:145,1
DA:146,5
DA:153,1
DA:154,2
DA:159,1
DA:168,1
DA:170,1
DA:171,1
DA:172,3
DA:173,1
DA:177,1
DA:178,1
DA:179,5
DA:181,1
DA:210,1
DA:214,1
DA:215,2
DA:219,1
DA:220,1
DA:223,0
DA:224,0
DA:225,0
DA:227,1
DA:229,1
DA:230,1
DA:236,1
DA:239,0
DA:240,0
DA:241,0
DA:243,1
DA:245,1
DA:246,1
DA:252,1
DA:255,1
DA:256,1
DA:262,1
DA:273,1
DA:280,1
DA:282,1
DA:284,1
DA:288,1
DA:289,2
DA:292,1
DA:293,1
DA:294,2
DA:298,1
DA:300,1
DA:302,1
DA:305,1
DA:309,1
DA:319,1
DA:326,2
DA:327,2
DA:330,0
DA:331,0
DA:333,1
DA:334,0
DA:337,1
DA:339,1
DA:340,1
DA:342,2
DA:345,1
DA:346,2
DA:347,1
DA:348,2
DA:349,2
DA:351,2
DA:352,1
DA:354,2
DA:355,2
DA:357,1
DA:360,1
DA:361,1
DA:365,2
DA:368,1
DA:372,2
DA:379,1
DA:382,1
DA:383,1
DA:384,1
DA:385,1
DA:386,1
DA:390,2
DA:391,1
DA:395,2
DA:396,1
DA:400,2
DA:401,0
DA:405,2
DA:406,2
DA:407,1
DA:411,1
DA:412,2
DA:413,1
DA:419,1
DA:431,1
DA:432,2
DA:433,1
DA:445,0
DA:446,0
DA:447,0
DA:448,0
DA:450,0
DA:451,0
DA:455,0
DA:456,0
DA:458,0
DA:464,1
DA:465,1
DA:466,1
DA:467,0
DA:469,1
DA:477,1
DA:478,2
DA:479,1
DA:480,2
DA:481,0
DA:482,0
DA:484,0
DA:485,0
DA:486,0
DA:493,0
DA:495,0
DA:496,0
DA:497,0
DA:507,1
DA:508,5
DA:512,1
DA:513,1
DA:514,1
DA:515,0
DA:516,0
DA:518,0
DA:523,1
DA:524,2
DA:525,1
DA:527,1
DA:529,1
DA:530,1
DA:532,1
DA:535,1
DA:542,1
DA:543,0
DA:544,0
DA:546,0
DA:547,0
DA:548,0
DA:550,3
DA:551,1
DA:552,1
DA:553,2
DA:554,0
DA:555,1
DA:556,1
DA:557,1
DA:558,3
DA:561,1
DA:565,2
DA:567,1
DA:569,1
DA:570,2
DA:571,2
DA:572,1
DA:575,1
DA:576,1
DA:580,1
DA:583,2
DA:584,1
DA:585,2
DA:586,3
DA:587,0
DA:588,0
DA:589,0
DA:590,0
DA:597,1
DA:598,2
DA:599,1
DA:602,2
DA:605,0
DA:609,1
DA:610,1
DA:612,1
DA:614,2
DA:615,0
DA:617,4
DA:618,1
DA:622,1
DA:627,2
DA:628,1
DA:633,2
DA:634,2
DA:635,1
DA:638,1
DA:639,1
DA:643,1
DA:644,2
DA:645,1
DA:648,1
DA:649,3
DA:651,1
DA:652,1
DA:653,3
DA:654,2
DA:656,5
DA:657,1
DA:658,1
DA:659,1
DA:660,1
DA:663,1
DA:664,1
DA:669,2
DA:671,1
DA:675,1
DA:676,2
DA:677,1
DA:678,1
DA:685,0
DA:686,0
DA:687,0
DA:689,0
DA:690,0
DA:691,0
DA:693,0
DA:697,0
DA:699,0
DA:701,0
DA:706,0
DA:709,0
DA:710,0
DA:711,0
DA:712,0
DA:728,1
DA:729,2
DA:730,1
DA:731,1
DA:734,1
DA:738,1
DA:739,1
DA:740,1
DA:743,1
DA:744,1
DA:748,1
DA:752,2
DA:753,3
DA:754,1
DA:755,1
DA:760,1
DA:764,0
DA:765,0
DA:766,0
DA:767,0
DA:768,0
DA:769,0
DA:770,0
DA:771,0
DA:772,0
DA:775,0
DA:776,0
DA:780,0
DA:781,0
DA:782,0
DA:784,0
DA:785,0
DA:788,0
DA:789,0
DA:791,0
DA:794,0
DA:795,0
DA:796,0
DA:798,0
LF:285
LH:203
end_of_record
